<?xml version="1.0" encoding="UTF-8"?>
<!-- Generated by org.testng.reporters.JUnitReportReporter -->
<testsuite hostname="DESKTOP-9RRHUIK" failures="0" tests="1" name="endtoend.ErrorValidations" time="3.804" errors="0" timestamp="2024-10-05T07:30:05 IST" skipped="0">
  <testcase classname="endtoend.ErrorValidations" name="Loginerrorvalidations" time="3.804"/>
  <system-out/>
</testsuite> <!-- endtoend.ErrorValidations -->
